<?xml version="1.0" encoding="UTF-8"?>
<coverage generated="1611493154106" clover="3.2.0">
  <project timestamp="1611493154107" name="All files">
    <metrics statements="64" coveredstatements="36" conditionals="36" coveredconditionals="28" methods="31" coveredmethods="8" elements="131" coveredelements="72" complexity="0" loc="64" ncloc="64" packages="5" files="7" classes="7"/>
    <package name="banhoIdeals">
      <metrics statements="2" coveredstatements="0" conditionals="0" coveredconditionals="0" methods="1" coveredmethods="0"/>
      <file name="App.js" path="C:\Users\liper\Desktop\Area de Trabalho\Projetos\banhoIdeals\App.js">
        <metrics statements="2" coveredstatements="0" conditionals="0" coveredconditionals="0" methods="1" coveredmethods="0"/>
        <line num="8" count="0" type="stmt"/>
        <line num="16" count="0" type="stmt"/>
      </file>
    </package>
    <package name="banhoIdeals.src.ButtonToggle">
      <metrics statements="9" coveredstatements="8" conditionals="10" coveredconditionals="9" methods="6" coveredmethods="2"/>
      <file name="index.js" path="C:\Users\liper\Desktop\Area de Trabalho\Projetos\banhoIdeals\src\ButtonToggle\index.js">
        <metrics statements="9" coveredstatements="8" conditionals="10" coveredconditionals="9" methods="6" coveredmethods="2"/>
        <line num="7" count="4" type="cond" truecount="2" falsecount="0"/>
        <line num="8" count="4" type="cond" truecount="2" falsecount="0"/>
        <line num="9" count="4" type="cond" truecount="2" falsecount="0"/>
        <line num="10" count="4" type="cond" truecount="2" falsecount="0"/>
        <line num="11" count="4" type="stmt"/>
        <line num="13" count="4" type="stmt"/>
        <line num="17" count="4" type="stmt"/>
        <line num="21" count="0" type="stmt"/>
        <line num="25" count="3" type="stmt"/>
      </file>
      <file name="styles.js" path="C:\Users\liper\Desktop\Area de Trabalho\Projetos\banhoIdeals\src\ButtonToggle\styles.js">
        <metrics statements="0" coveredstatements="0" conditionals="0" coveredconditionals="0" methods="0" coveredmethods="0"/>
      </file>
    </package>
    <package name="banhoIdeals.src.Clock">
      <metrics statements="4" coveredstatements="4" conditionals="4" coveredconditionals="4" methods="2" coveredmethods="2"/>
      <file name="index.js" path="C:\Users\liper\Desktop\Area de Trabalho\Projetos\banhoIdeals\src\Clock\index.js">
        <metrics statements="4" coveredstatements="4" conditionals="4" coveredconditionals="4" methods="2" coveredmethods="2"/>
        <line num="6" count="3" type="cond" truecount="2" falsecount="0"/>
        <line num="7" count="3" type="cond" truecount="2" falsecount="0"/>
        <line num="8" count="3" type="stmt"/>
        <line num="12" count="2" type="stmt"/>
      </file>
    </package>
    <package name="banhoIdeals.src.Main">
      <metrics statements="37" coveredstatements="15" conditionals="8" coveredconditionals="1" methods="14" coveredmethods="2"/>
      <file name="index.js" path="C:\Users\liper\Desktop\Area de Trabalho\Projetos\banhoIdeals\src\Main\index.js">
        <metrics statements="37" coveredstatements="15" conditionals="8" coveredconditionals="1" methods="14" coveredmethods="2"/>
        <line num="10" count="2" type="stmt"/>
        <line num="11" count="2" type="stmt"/>
        <line num="12" count="2" type="stmt"/>
        <line num="15" count="2" type="stmt"/>
        <line num="16" count="2" type="stmt"/>
        <line num="28" count="2" type="stmt"/>
        <line num="29" count="2" type="stmt"/>
        <line num="30" count="2" type="stmt"/>
        <line num="31" count="2" type="stmt"/>
        <line num="32" count="2" type="stmt"/>
        <line num="33" count="2" type="stmt"/>
        <line num="34" count="2" type="stmt"/>
        <line num="35" count="2" type="stmt"/>
        <line num="36" count="2" type="stmt"/>
        <line num="40" count="0" type="stmt"/>
        <line num="44" count="0" type="stmt"/>
        <line num="48" count="0" type="stmt"/>
        <line num="49" count="0" type="stmt"/>
        <line num="53" count="0" type="stmt"/>
        <line num="54" count="0" type="stmt"/>
        <line num="55" count="0" type="stmt"/>
        <line num="56" count="0" type="stmt"/>
        <line num="57" count="0" type="cond" truecount="0" falsecount="2"/>
        <line num="58" count="0" type="stmt"/>
        <line num="59" count="0" type="stmt"/>
        <line num="61" count="0" type="stmt"/>
        <line num="63" count="0" type="cond" truecount="0" falsecount="2"/>
        <line num="64" count="0" type="cond" truecount="0" falsecount="2"/>
        <line num="65" count="0" type="stmt"/>
        <line num="70" count="0" type="stmt"/>
        <line num="74" count="0" type="stmt"/>
        <line num="78" count="0" type="stmt"/>
        <line num="83" count="0" type="stmt"/>
        <line num="87" count="0" type="stmt"/>
        <line num="92" count="0" type="stmt"/>
        <line num="97" count="0" type="stmt"/>
        <line num="102" count="1" type="stmt"/>
      </file>
    </package>
    <package name="banhoIdeals.src.Menu">
      <metrics statements="12" coveredstatements="9" conditionals="14" coveredconditionals="14" methods="8" coveredmethods="2"/>
      <file name="index.js" path="C:\Users\liper\Desktop\Area de Trabalho\Projetos\banhoIdeals\src\Menu\index.js">
        <metrics statements="12" coveredstatements="9" conditionals="14" coveredconditionals="14" methods="8" coveredmethods="2"/>
        <line num="8" count="2" type="cond" truecount="2" falsecount="0"/>
        <line num="9" count="2" type="cond" truecount="2" falsecount="0"/>
        <line num="10" count="2" type="cond" truecount="2" falsecount="0"/>
        <line num="11" count="2" type="cond" truecount="2" falsecount="0"/>
        <line num="12" count="2" type="cond" truecount="2" falsecount="0"/>
        <line num="13" count="2" type="cond" truecount="2" falsecount="0"/>
        <line num="14" count="2" type="cond" truecount="2" falsecount="0"/>
        <line num="15" count="2" type="stmt"/>
        <line num="19" count="1" type="stmt"/>
        <line num="23" count="0" type="stmt"/>
        <line num="28" count="0" type="stmt"/>
        <line num="33" count="0" type="stmt"/>
      </file>
      <file name="styles.js" path="C:\Users\liper\Desktop\Area de Trabalho\Projetos\banhoIdeals\src\Menu\styles.js">
        <metrics statements="0" coveredstatements="0" conditionals="0" coveredconditionals="0" methods="0" coveredmethods="0"/>
      </file>
    </package>
  </project>
</coverage>
