{"C:\\Users\\liper\\Desktop\\Area de Trabalho\\Projetos\\banhoIdeals\\App.js": {"path":"C:\\Users\\liper\\Desktop\\Area de Trabalho\\Projetos\\banhoIdeals\\App.js","statementMap":{"0":{"start":{"line":8,"column":2},"end":{"line":13,"column":4}},"1":{"start":{"line":16,"column":15},"end":{"line":23,"column":2}}},"fnMap":{"0":{"name":"App","decl":{"start":{"line":7,"column":24},"end":{"line":7,"column":27}},"loc":{"start":{"line":7,"column":30},"end":{"line":14,"column":1}},"line":7}},"branchMap":{},"s":{"0":0,"1":0},"f":{"0":0},"b":{}}
,"C:\\Users\\liper\\Desktop\\Area de Trabalho\\Projetos\\banhoIdeals\\src\\ButtonToggle\\index.js": {"path":"C:\\Users\\liper\\Desktop\\Area de Trabalho\\Projetos\\banhoIdeals\\src\\ButtonToggle\\index.js","statementMap":{"0":{"start":{"line":7,"column":8},"end":{"line":7,"column":28}},"1":{"start":{"line":8,"column":8},"end":{"line":8,"column":52}},"2":{"start":{"line":9,"column":8},"end":{"line":9,"column":52}},"3":{"start":{"line":10,"column":8},"end":{"line":10,"column":44}},"4":{"start":{"line":11,"column":8},"end":{"line":11,"column":21}},"5":{"start":{"line":13,"column":8},"end":{"line":15,"column":9}},"6":{"start":{"line":17,"column":8},"end":{"line":17,"column":45}},"7":{"start":{"line":21,"column":8},"end":{"line":21,"column":59}},"8":{"start":{"line":21,"column":32},"end":{"line":21,"column":56}},"9":{"start":{"line":25,"column":8},"end":{"line":38,"column":10}}},"fnMap":{"0":{"name":"(anonymous_0)","decl":{"start":{"line":6,"column":4},"end":{"line":6,"column":5}},"loc":{"start":{"line":6,"column":22},"end":{"line":18,"column":5}},"line":6},"1":{"name":"(anonymous_1)","decl":{"start":{"line":8,"column":44},"end":{"line":8,"column":45}},"loc":{"start":{"line":8,"column":48},"end":{"line":8,"column":50}},"line":8},"2":{"name":"(anonymous_2)","decl":{"start":{"line":9,"column":44},"end":{"line":9,"column":45}},"loc":{"start":{"line":9,"column":48},"end":{"line":9,"column":50}},"line":9},"3":{"name":"(anonymous_3)","decl":{"start":{"line":20,"column":4},"end":{"line":20,"column":5}},"loc":{"start":{"line":20,"column":12},"end":{"line":22,"column":5}},"line":20},"4":{"name":"(anonymous_4)","decl":{"start":{"line":21,"column":22},"end":{"line":21,"column":23}},"loc":{"start":{"line":21,"column":32},"end":{"line":21,"column":56}},"line":21},"5":{"name":"(anonymous_5)","decl":{"start":{"line":24,"column":4},"end":{"line":24,"column":5}},"loc":{"start":{"line":24,"column":12},"end":{"line":39,"column":5}},"line":24}},"branchMap":{"0":{"loc":{"start":{"line":7,"column":16},"end":{"line":7,"column":27}},"type":"binary-expr","locations":[{"start":{"line":7,"column":16},"end":{"line":7,"column":21}},{"start":{"line":7,"column":25},"end":{"line":7,"column":27}}],"line":7},"1":{"loc":{"start":{"line":8,"column":25},"end":{"line":8,"column":51}},"type":"binary-expr","locations":[{"start":{"line":8,"column":25},"end":{"line":8,"column":39}},{"start":{"line":8,"column":44},"end":{"line":8,"column":50}}],"line":8},"2":{"loc":{"start":{"line":9,"column":25},"end":{"line":9,"column":51}},"type":"binary-expr","locations":[{"start":{"line":9,"column":25},"end":{"line":9,"column":39}},{"start":{"line":9,"column":44},"end":{"line":9,"column":50}}],"line":9},"3":{"loc":{"start":{"line":10,"column":24},"end":{"line":10,"column":43}},"type":"binary-expr","locations":[{"start":{"line":10,"column":24},"end":{"line":10,"column":37}},{"start":{"line":10,"column":41},"end":{"line":10,"column":43}}],"line":10},"4":{"loc":{"start":{"line":27,"column":17},"end":{"line":35,"column":35}},"type":"cond-expr","locations":[{"start":{"line":29,"column":16},"end":{"line":31,"column":35}},{"start":{"line":33,"column":16},"end":{"line":35,"column":35}}],"line":27}},"s":{"0":4,"1":4,"2":4,"3":4,"4":4,"5":4,"6":4,"7":0,"8":0,"9":3},"f":{"0":4,"1":0,"2":0,"3":0,"4":0,"5":3},"b":{"0":[4,1],"1":[4,2],"2":[4,2],"3":[4,2],"4":[3,0]},"_coverageSchema":"1a1c01bbd47fc00a2c39e90264f33305004495a9","hash":"2035fb0c938ffb9d8675cbd85e0d57e9dfbdbf28"}
,"C:\\Users\\liper\\Desktop\\Area de Trabalho\\Projetos\\banhoIdeals\\src\\ButtonToggle\\styles.js": {"path":"C:\\Users\\liper\\Desktop\\Area de Trabalho\\Projetos\\banhoIdeals\\src\\ButtonToggle\\styles.js","statementMap":{},"fnMap":{},"branchMap":{},"s":{},"f":{},"b":{}}
,"C:\\Users\\liper\\Desktop\\Area de Trabalho\\Projetos\\banhoIdeals\\src\\Clock\\index.js": {"path":"C:\\Users\\liper\\Desktop\\Area de Trabalho\\Projetos\\banhoIdeals\\src\\Clock\\index.js","statementMap":{"0":{"start":{"line":6,"column":8},"end":{"line":6,"column":28}},"1":{"start":{"line":7,"column":8},"end":{"line":7,"column":40}},"2":{"start":{"line":8,"column":8},"end":{"line":8,"column":21}},"3":{"start":{"line":12,"column":8},"end":{"line":16,"column":10}}},"fnMap":{"0":{"name":"(anonymous_0)","decl":{"start":{"line":5,"column":4},"end":{"line":5,"column":5}},"loc":{"start":{"line":5,"column":22},"end":{"line":9,"column":5}},"line":5},"1":{"name":"(anonymous_1)","decl":{"start":{"line":11,"column":4},"end":{"line":11,"column":5}},"loc":{"start":{"line":11,"column":12},"end":{"line":17,"column":5}},"line":11}},"branchMap":{"0":{"loc":{"start":{"line":6,"column":16},"end":{"line":6,"column":27}},"type":"binary-expr","locations":[{"start":{"line":6,"column":16},"end":{"line":6,"column":21}},{"start":{"line":6,"column":25},"end":{"line":6,"column":27}}],"line":6},"1":{"loc":{"start":{"line":7,"column":22},"end":{"line":7,"column":39}},"type":"binary-expr","locations":[{"start":{"line":7,"column":22},"end":{"line":7,"column":33}},{"start":{"line":7,"column":37},"end":{"line":7,"column":39}}],"line":7}},"s":{"0":3,"1":3,"2":3,"3":2},"f":{"0":3,"1":2},"b":{"0":[3,1],"1":[3,2]},"_coverageSchema":"1a1c01bbd47fc00a2c39e90264f33305004495a9","hash":"cc8b343b047e73d5b315d07f8c33483f0f919050"}
,"C:\\Users\\liper\\Desktop\\Area de Trabalho\\Projetos\\banhoIdeals\\src\\Main\\index.js": {"path":"C:\\Users\\liper\\Desktop\\Area de Trabalho\\Projetos\\banhoIdeals\\src\\Main\\index.js","statementMap":{"0":{"start":{"line":10,"column":11},"end":{"line":10,"column":12}},"1":{"start":{"line":11,"column":11},"end":{"line":11,"column":12}},"2":{"start":{"line":12,"column":13},"end":{"line":12,"column":14}},"3":{"start":{"line":15,"column":8},"end":{"line":15,"column":21}},"4":{"start":{"line":16,"column":8},"end":{"line":26,"column":10}},"5":{"start":{"line":28,"column":8},"end":{"line":28,"column":49}},"6":{"start":{"line":29,"column":8},"end":{"line":29,"column":51}},"7":{"start":{"line":30,"column":8},"end":{"line":30,"column":51}},"8":{"start":{"line":31,"column":8},"end":{"line":31,"column":53}},"9":{"start":{"line":32,"column":8},"end":{"line":32,"column":49}},"10":{"start":{"line":33,"column":8},"end":{"line":33,"column":51}},"11":{"start":{"line":34,"column":8},"end":{"line":34,"column":55}},"12":{"start":{"line":35,"column":8},"end":{"line":35,"column":51}},"13":{"start":{"line":36,"column":8},"end":{"line":36,"column":51}},"14":{"start":{"line":40,"column":8},"end":{"line":40,"column":89}},"15":{"start":{"line":44,"column":8},"end":{"line":44,"column":85}},"16":{"start":{"line":48,"column":8},"end":{"line":48,"column":35}},"17":{"start":{"line":49,"column":8},"end":{"line":49,"column":69}},"18":{"start":{"line":53,"column":8},"end":{"line":53,"column":22}},"19":{"start":{"line":54,"column":8},"end":{"line":54,"column":22}},"20":{"start":{"line":55,"column":8},"end":{"line":55,"column":84}},"21":{"start":{"line":56,"column":8},"end":{"line":66,"column":15}},"22":{"start":{"line":57,"column":12},"end":{"line":62,"column":13}},"23":{"start":{"line":58,"column":16},"end":{"line":58,"column":30}},"24":{"start":{"line":59,"column":16},"end":{"line":59,"column":28}},"25":{"start":{"line":61,"column":16},"end":{"line":61,"column":28}},"26":{"start":{"line":63,"column":28},"end":{"line":63,"column":89}},"27":{"start":{"line":64,"column":28},"end":{"line":64,"column":89}},"28":{"start":{"line":65,"column":12},"end":{"line":65,"column":52}},"29":{"start":{"line":70,"column":8},"end":{"line":70,"column":28}},"30":{"start":{"line":74,"column":8},"end":{"line":74,"column":29}},"31":{"start":{"line":78,"column":8},"end":{"line":78,"column":31}},"32":{"start":{"line":83,"column":21},"end":{"line":83,"column":47}},"33":{"start":{"line":87,"column":8},"end":{"line":87,"column":70}},"34":{"start":{"line":87,"column":32},"end":{"line":87,"column":67}},"35":{"start":{"line":92,"column":21},"end":{"line":92,"column":47}},"36":{"start":{"line":97,"column":8},"end":{"line":97,"column":83}},"37":{"start":{"line":97,"column":32},"end":{"line":97,"column":80}},"38":{"start":{"line":102,"column":8},"end":{"line":121,"column":10}}},"fnMap":{"0":{"name":"(anonymous_0)","decl":{"start":{"line":14,"column":4},"end":{"line":14,"column":5}},"loc":{"start":{"line":14,"column":22},"end":{"line":37,"column":5}},"line":14},"1":{"name":"(anonymous_1)","decl":{"start":{"line":39,"column":4},"end":{"line":39,"column":5}},"loc":{"start":{"line":39,"column":14},"end":{"line":41,"column":5}},"line":39},"2":{"name":"(anonymous_2)","decl":{"start":{"line":43,"column":4},"end":{"line":43,"column":5}},"loc":{"start":{"line":43,"column":15},"end":{"line":45,"column":5}},"line":43},"3":{"name":"(anonymous_3)","decl":{"start":{"line":47,"column":4},"end":{"line":47,"column":5}},"loc":{"start":{"line":47,"column":15},"end":{"line":50,"column":5}},"line":47},"4":{"name":"(anonymous_4)","decl":{"start":{"line":52,"column":4},"end":{"line":52,"column":5}},"loc":{"start":{"line":52,"column":16},"end":{"line":67,"column":5}},"line":52},"5":{"name":"(anonymous_5)","decl":{"start":{"line":56,"column":34},"end":{"line":56,"column":35}},"loc":{"start":{"line":56,"column":38},"end":{"line":66,"column":9}},"line":56},"6":{"name":"(anonymous_6)","decl":{"start":{"line":69,"column":4},"end":{"line":69,"column":5}},"loc":{"start":{"line":69,"column":16},"end":{"line":71,"column":5}},"line":69},"7":{"name":"(anonymous_7)","decl":{"start":{"line":73,"column":4},"end":{"line":73,"column":5}},"loc":{"start":{"line":73,"column":18},"end":{"line":75,"column":5}},"line":73},"8":{"name":"(anonymous_8)","decl":{"start":{"line":77,"column":4},"end":{"line":77,"column":5}},"loc":{"start":{"line":77,"column":22},"end":{"line":79,"column":5}},"line":77},"9":{"name":"(anonymous_9)","decl":{"start":{"line":81,"column":4},"end":{"line":81,"column":5}},"loc":{"start":{"line":81,"column":15},"end":{"line":88,"column":5}},"line":81},"10":{"name":"(anonymous_10)","decl":{"start":{"line":87,"column":22},"end":{"line":87,"column":23}},"loc":{"start":{"line":87,"column":32},"end":{"line":87,"column":67}},"line":87},"11":{"name":"(anonymous_11)","decl":{"start":{"line":90,"column":4},"end":{"line":90,"column":5}},"loc":{"start":{"line":90,"column":15},"end":{"line":98,"column":5}},"line":90},"12":{"name":"(anonymous_12)","decl":{"start":{"line":97,"column":22},"end":{"line":97,"column":23}},"loc":{"start":{"line":97,"column":32},"end":{"line":97,"column":80}},"line":97},"13":{"name":"(anonymous_13)","decl":{"start":{"line":101,"column":4},"end":{"line":101,"column":5}},"loc":{"start":{"line":101,"column":12},"end":{"line":122,"column":5}},"line":101}},"branchMap":{"0":{"loc":{"start":{"line":57,"column":12},"end":{"line":62,"column":13}},"type":"if","locations":[{"start":{"line":57,"column":12},"end":{"line":62,"column":13}},{"start":{"line":57,"column":12},"end":{"line":62,"column":13}}],"line":57},"1":{"loc":{"start":{"line":63,"column":28},"end":{"line":63,"column":89}},"type":"cond-expr","locations":[{"start":{"line":63,"column":57},"end":{"line":63,"column":71}},{"start":{"line":63,"column":74},"end":{"line":63,"column":89}}],"line":63},"2":{"loc":{"start":{"line":64,"column":28},"end":{"line":64,"column":89}},"type":"cond-expr","locations":[{"start":{"line":64,"column":57},"end":{"line":64,"column":71}},{"start":{"line":64,"column":74},"end":{"line":64,"column":89}}],"line":64},"3":{"loc":{"start":{"line":110,"column":17},"end":{"line":118,"column":22}},"type":"binary-expr","locations":[{"start":{"line":110,"column":17},"end":{"line":110,"column":36}},{"start":{"line":111,"column":20},"end":{"line":118,"column":22}}],"line":110}},"s":{"0":2,"1":2,"2":2,"3":2,"4":2,"5":2,"6":2,"7":2,"8":2,"9":2,"10":2,"11":2,"12":2,"13":2,"14":0,"15":0,"16":0,"17":0,"18":0,"19":0,"20":0,"21":0,"22":0,"23":0,"24":0,"25":0,"26":0,"27":0,"28":0,"29":0,"30":0,"31":0,"32":0,"33":0,"34":0,"35":0,"36":0,"37":0,"38":1},"f":{"0":2,"1":0,"2":0,"3":0,"4":0,"5":0,"6":0,"7":0,"8":0,"9":0,"10":0,"11":0,"12":0,"13":1},"b":{"0":[0,0],"1":[0,0],"2":[0,0],"3":[1,0]},"_coverageSchema":"1a1c01bbd47fc00a2c39e90264f33305004495a9","hash":"d30ecdb1bed36ab252bfd7e6c23217333a72e470"}
,"C:\\Users\\liper\\Desktop\\Area de Trabalho\\Projetos\\banhoIdeals\\src\\Menu\\index.js": {"path":"C:\\Users\\liper\\Desktop\\Area de Trabalho\\Projetos\\banhoIdeals\\src\\Menu\\index.js","statementMap":{"0":{"start":{"line":8,"column":8},"end":{"line":8,"column":28}},"1":{"start":{"line":9,"column":8},"end":{"line":9,"column":33}},"2":{"start":{"line":10,"column":8},"end":{"line":10,"column":58}},"3":{"start":{"line":11,"column":8},"end":{"line":11,"column":35}},"4":{"start":{"line":12,"column":8},"end":{"line":12,"column":60}},"5":{"start":{"line":13,"column":8},"end":{"line":13,"column":39}},"6":{"start":{"line":14,"column":8},"end":{"line":14,"column":64}},"7":{"start":{"line":15,"column":8},"end":{"line":15,"column":21}},"8":{"start":{"line":19,"column":8},"end":{"line":37,"column":10}},"9":{"start":{"line":23,"column":42},"end":{"line":23,"column":69}},"10":{"start":{"line":28,"column":42},"end":{"line":28,"column":70}},"11":{"start":{"line":33,"column":42},"end":{"line":33,"column":72}}},"fnMap":{"0":{"name":"(anonymous_0)","decl":{"start":{"line":7,"column":4},"end":{"line":7,"column":5}},"loc":{"start":{"line":7,"column":22},"end":{"line":16,"column":5}},"line":7},"1":{"name":"(anonymous_1)","decl":{"start":{"line":10,"column":48},"end":{"line":10,"column":49}},"loc":{"start":{"line":10,"column":54},"end":{"line":10,"column":56}},"line":10},"2":{"name":"(anonymous_2)","decl":{"start":{"line":12,"column":50},"end":{"line":12,"column":51}},"loc":{"start":{"line":12,"column":56},"end":{"line":12,"column":58}},"line":12},"3":{"name":"(anonymous_3)","decl":{"start":{"line":14,"column":54},"end":{"line":14,"column":55}},"loc":{"start":{"line":14,"column":60},"end":{"line":14,"column":62}},"line":14},"4":{"name":"(anonymous_4)","decl":{"start":{"line":18,"column":4},"end":{"line":18,"column":5}},"loc":{"start":{"line":18,"column":12},"end":{"line":38,"column":5}},"line":18},"5":{"name":"(anonymous_5)","decl":{"start":{"line":23,"column":34},"end":{"line":23,"column":35}},"loc":{"start":{"line":23,"column":42},"end":{"line":23,"column":69}},"line":23},"6":{"name":"(anonymous_6)","decl":{"start":{"line":28,"column":34},"end":{"line":28,"column":35}},"loc":{"start":{"line":28,"column":42},"end":{"line":28,"column":70}},"line":28},"7":{"name":"(anonymous_7)","decl":{"start":{"line":33,"column":34},"end":{"line":33,"column":35}},"loc":{"start":{"line":33,"column":42},"end":{"line":33,"column":72}},"line":33}},"branchMap":{"0":{"loc":{"start":{"line":8,"column":16},"end":{"line":8,"column":27}},"type":"binary-expr","locations":[{"start":{"line":8,"column":16},"end":{"line":8,"column":21}},{"start":{"line":8,"column":25},"end":{"line":8,"column":27}}],"line":8},"1":{"loc":{"start":{"line":9,"column":19},"end":{"line":9,"column":32}},"type":"binary-expr","locations":[{"start":{"line":9,"column":19},"end":{"line":9,"column":27}},{"start":{"line":9,"column":31},"end":{"line":9,"column":32}}],"line":9},"2":{"loc":{"start":{"line":10,"column":27},"end":{"line":10,"column":57}},"type":"binary-expr","locations":[{"start":{"line":10,"column":27},"end":{"line":10,"column":43}},{"start":{"line":10,"column":48},"end":{"line":10,"column":56}}],"line":10},"3":{"loc":{"start":{"line":11,"column":20},"end":{"line":11,"column":34}},"type":"binary-expr","locations":[{"start":{"line":11,"column":20},"end":{"line":11,"column":29}},{"start":{"line":11,"column":33},"end":{"line":11,"column":34}}],"line":11},"4":{"loc":{"start":{"line":12,"column":28},"end":{"line":12,"column":59}},"type":"binary-expr","locations":[{"start":{"line":12,"column":28},"end":{"line":12,"column":45}},{"start":{"line":12,"column":50},"end":{"line":12,"column":58}}],"line":12},"5":{"loc":{"start":{"line":13,"column":22},"end":{"line":13,"column":38}},"type":"binary-expr","locations":[{"start":{"line":13,"column":22},"end":{"line":13,"column":33}},{"start":{"line":13,"column":37},"end":{"line":13,"column":38}}],"line":13},"6":{"loc":{"start":{"line":14,"column":30},"end":{"line":14,"column":63}},"type":"binary-expr","locations":[{"start":{"line":14,"column":30},"end":{"line":14,"column":49}},{"start":{"line":14,"column":54},"end":{"line":14,"column":62}}],"line":14}},"s":{"0":2,"1":2,"2":2,"3":2,"4":2,"5":2,"6":2,"7":2,"8":1,"9":0,"10":0,"11":0},"f":{"0":2,"1":0,"2":0,"3":0,"4":1,"5":0,"6":0,"7":0},"b":{"0":[2,1],"1":[2,2],"2":[2,2],"3":[2,2],"4":[2,2],"5":[2,2],"6":[2,2]},"_coverageSchema":"1a1c01bbd47fc00a2c39e90264f33305004495a9","hash":"bd7466359599c6e2cf97d6dab6306c22659aa1d8"}
,"C:\\Users\\liper\\Desktop\\Area de Trabalho\\Projetos\\banhoIdeals\\src\\Menu\\styles.js": {"path":"C:\\Users\\liper\\Desktop\\Area de Trabalho\\Projetos\\banhoIdeals\\src\\Menu\\styles.js","statementMap":{},"fnMap":{},"branchMap":{},"s":{},"f":{},"b":{},"_coverageSchema":"1a1c01bbd47fc00a2c39e90264f33305004495a9","hash":"10d5a252889a4178d52c1ba2d3e5029a6464cdb9"}
}
