TN:
SF:App.js
FN:7,App
FNF:1
FNH:0
FNDA:0,App
DA:8,0
DA:16,0
LF:2
LH:0
BRF:0
BRH:0
end_of_record
TN:
SF:src\ButtonToggle\index.js
FN:6,(anonymous_0)
FN:8,(anonymous_1)
FN:9,(anonymous_2)
FN:20,(anonymous_3)
FN:21,(anonymous_4)
FN:24,(anonymous_5)
FNF:6
FNH:2
FNDA:4,(anonymous_0)
FNDA:0,(anonymous_1)
FNDA:0,(anonymous_2)
FNDA:0,(anonymous_3)
FNDA:0,(anonymous_4)
FNDA:3,(anonymous_5)
DA:7,4
DA:8,4
DA:9,4
DA:10,4
DA:11,4
DA:13,4
DA:17,4
DA:21,0
DA:25,3
LF:9
LH:8
BRDA:7,0,0,4
BRDA:7,0,1,1
BRDA:8,1,0,4
BRDA:8,1,1,2
BRDA:9,2,0,4
BRDA:9,2,1,2
BRDA:10,3,0,4
BRDA:10,3,1,2
BRDA:27,4,0,3
BRDA:27,4,1,0
BRF:10
BRH:9
end_of_record
TN:
SF:src\ButtonToggle\styles.js
FNF:0
FNH:0
LF:0
LH:0
BRF:0
BRH:0
end_of_record
TN:
SF:src\Clock\index.js
FN:5,(anonymous_0)
FN:11,(anonymous_1)
FNF:2
FNH:2
FNDA:3,(anonymous_0)
FNDA:2,(anonymous_1)
DA:6,3
DA:7,3
DA:8,3
DA:12,2
LF:4
LH:4
BRDA:6,0,0,3
BRDA:6,0,1,1
BRDA:7,1,0,3
BRDA:7,1,1,2
BRF:4
BRH:4
end_of_record
TN:
SF:src\Main\index.js
FN:14,(anonymous_0)
FN:39,(anonymous_1)
FN:43,(anonymous_2)
FN:47,(anonymous_3)
FN:52,(anonymous_4)
FN:56,(anonymous_5)
FN:69,(anonymous_6)
FN:73,(anonymous_7)
FN:77,(anonymous_8)
FN:81,(anonymous_9)
FN:87,(anonymous_10)
FN:90,(anonymous_11)
FN:97,(anonymous_12)
FN:101,(anonymous_13)
FNF:14
FNH:2
FNDA:2,(anonymous_0)
FNDA:0,(anonymous_1)
FNDA:0,(anonymous_2)
FNDA:0,(anonymous_3)
FNDA:0,(anonymous_4)
FNDA:0,(anonymous_5)
FNDA:0,(anonymous_6)
FNDA:0,(anonymous_7)
FNDA:0,(anonymous_8)
FNDA:0,(anonymous_9)
FNDA:0,(anonymous_10)
FNDA:0,(anonymous_11)
FNDA:0,(anonymous_12)
FNDA:1,(anonymous_13)
DA:10,2
DA:11,2
DA:12,2
DA:15,2
DA:16,2
DA:28,2
DA:29,2
DA:30,2
DA:31,2
DA:32,2
DA:33,2
DA:34,2
DA:35,2
DA:36,2
DA:40,0
DA:44,0
DA:48,0
DA:49,0
DA:53,0
DA:54,0
DA:55,0
DA:56,0
DA:57,0
DA:58,0
DA:59,0
DA:61,0
DA:63,0
DA:64,0
DA:65,0
DA:70,0
DA:74,0
DA:78,0
DA:83,0
DA:87,0
DA:92,0
DA:97,0
DA:102,1
LF:37
LH:15
BRDA:57,0,0,0
BRDA:57,0,1,0
BRDA:63,1,0,0
BRDA:63,1,1,0
BRDA:64,2,0,0
BRDA:64,2,1,0
BRDA:110,3,0,1
BRDA:110,3,1,0
BRF:8
BRH:1
end_of_record
TN:
SF:src\Menu\index.js
FN:7,(anonymous_0)
FN:10,(anonymous_1)
FN:12,(anonymous_2)
FN:14,(anonymous_3)
FN:18,(anonymous_4)
FN:23,(anonymous_5)
FN:28,(anonymous_6)
FN:33,(anonymous_7)
FNF:8
FNH:2
FNDA:2,(anonymous_0)
FNDA:0,(anonymous_1)
FNDA:0,(anonymous_2)
FNDA:0,(anonymous_3)
FNDA:1,(anonymous_4)
FNDA:0,(anonymous_5)
FNDA:0,(anonymous_6)
FNDA:0,(anonymous_7)
DA:8,2
DA:9,2
DA:10,2
DA:11,2
DA:12,2
DA:13,2
DA:14,2
DA:15,2
DA:19,1
DA:23,0
DA:28,0
DA:33,0
LF:12
LH:9
BRDA:8,0,0,2
BRDA:8,0,1,1
BRDA:9,1,0,2
BRDA:9,1,1,2
BRDA:10,2,0,2
BRDA:10,2,1,2
BRDA:11,3,0,2
BRDA:11,3,1,2
BRDA:12,4,0,2
BRDA:12,4,1,2
BRDA:13,5,0,2
BRDA:13,5,1,2
BRDA:14,6,0,2
BRDA:14,6,1,2
BRF:14
BRH:14
end_of_record
TN:
SF:src\Menu\styles.js
FNF:0
FNH:0
LF:0
LH:0
BRF:0
BRH:0
end_of_record
